<?xml version="1.0" encoding="UTF-8"?>
<!-- Generated by org.testng.reporters.JUnitReportReporter -->
<testsuite hostname="lhovanessian-w7" name="com.samples.testng.test.TestSampleClass" tests="1" failures="0" timestamp="14 Apr 2015 14:59:25 GMT" time="0.011" errors="0">
  <testcase name="test" time="0.011" classname="com.samples.testng.test.TestSampleClass"/>
</testsuite> <!-- com.samples.testng.test.TestSampleClass -->
